{"/Users/qiushili/Documents/code_base/atom/learnnodejs/lesson6/main.js":{"path":"/Users/qiushili/Documents/code_base/atom/learnnodejs/lesson6/main.js","s":{"1":1,"2":182,"3":1,"4":181,"5":1,"6":180,"7":1,"8":179,"9":91,"10":88,"11":1,"12":0,"13":0,"14":1},"b":{"1":[1,181],"2":[1,180],"3":[1,179],"4":[91,88],"5":[179,144],"6":[0,1]},"f":{"1":182},"fnMap":{"1":{"name":"(anonymous_1)","line":1,"loc":{"start":{"line":1,"column":16},"end":{"line":1,"column":28}}}},"statementMap":{"1":{"start":{"line":1,"column":0},"end":{"line":15,"column":2}},"2":{"start":{"line":2,"column":2},"end":{"line":4,"column":3}},"3":{"start":{"line":3,"column":4},"end":{"line":3,"column":44}},"4":{"start":{"line":5,"column":2},"end":{"line":7,"column":3}},"5":{"start":{"line":6,"column":4},"end":{"line":6,"column":37}},"6":{"start":{"line":8,"column":2},"end":{"line":10,"column":3}},"7":{"start":{"line":9,"column":4},"end":{"line":9,"column":38}},"8":{"start":{"line":11,"column":2},"end":{"line":13,"column":3}},"9":{"start":{"line":12,"column":4},"end":{"line":12,"column":13}},"10":{"start":{"line":14,"column":2},"end":{"line":14,"column":45}},"11":{"start":{"line":17,"column":0},"end":{"line":20,"column":1}},"12":{"start":{"line":18,"column":2},"end":{"line":18,"column":34}},"13":{"start":{"line":19,"column":2},"end":{"line":19,"column":54}},"14":{"start":{"line":22,"column":0},"end":{"line":22,"column":30}}},"branchMap":{"1":{"line":2,"type":"if","locations":[{"start":{"line":2,"column":2},"end":{"line":2,"column":2}},{"start":{"line":2,"column":2},"end":{"line":2,"column":2}}]},"2":{"line":5,"type":"if","locations":[{"start":{"line":5,"column":2},"end":{"line":5,"column":2}},{"start":{"line":5,"column":2},"end":{"line":5,"column":2}}]},"3":{"line":8,"type":"if","locations":[{"start":{"line":8,"column":2},"end":{"line":8,"column":2}},{"start":{"line":8,"column":2},"end":{"line":8,"column":2}}]},"4":{"line":11,"type":"if","locations":[{"start":{"line":11,"column":2},"end":{"line":11,"column":2}},{"start":{"line":11,"column":2},"end":{"line":11,"column":2}}]},"5":{"line":11,"type":"binary-expr","locations":[{"start":{"line":11,"column":5},"end":{"line":11,"column":12}},{"start":{"line":11,"column":16},"end":{"line":11,"column":23}}]},"6":{"line":17,"type":"if","locations":[{"start":{"line":17,"column":0},"end":{"line":17,"column":0}},{"start":{"line":17,"column":0},"end":{"line":17,"column":0}}]}}}}